#
# There is insufficient memory for the Java Runtime Environment to continue.
# Native memory allocation (mmap) failed to map 134217728 bytes for Failed to commit area from 0x0000000081e00000 to 0x0000000089e00000 of length 134217728.
# Possible reasons:
#   The system is out of physical RAM or swap space
#   The process is running with CompressedOops enabled, and the Java Heap may be blocking the growth of the native heap
# Possible solutions:
#   Reduce memory load on the system
#   Increase physical memory or swap space
#   Check if swap backing store is full
#   Decrease Java heap size (-Xmx/-Xms)
#   Decrease number of Java threads
#   Decrease Java thread stack sizes (-Xss)
#   Set larger code cache with -XX:ReservedCodeCacheSize=
#   JVM is running with Unscaled Compressed Oops mode in which the Java heap is
#     placed in the first 4GB address space. The Java Heap base address is the
#     maximum limit for the native heap growth. Please use -XX:HeapBaseMinAddress
#     to set the Java Heap base and to place the Java Heap above 4GB virtual address.
# This output file may be truncated or incomplete.
#
#  Out of Memory Error (./open/src/hotspot/os/windows/os_windows.cpp:3315), pid=35724, tid=12292
#
# JRE version:  (14.0.2+12) (build )
# Java VM: Java HotSpot(TM) 64-Bit Server VM (14.0.2+12-46, mixed mode, sharing, tiered, compressed oops, g1 gc, windows-amd64)
# No core dump will be written. Minidumps are not enabled by default on client versions of Windows
#

---------------  S U M M A R Y ------------

Command Line: 

Host: Intel(R) Core(TM) i5-8250U CPU @ 1.60GHz, 8 cores, 7G,  Windows 10 , 64 bit Build 18362 (10.0.18362.1110)
Time: Sun Dec  6 22:00:53 2020 Oaio?aeuiay Acey (ceia) elapsed time: 0 seconds (0d 0h 0m 0s)

---------------  T H R E A D  ---------------

Current thread (0x0000013e74fae800):  JavaThread "Unknown thread" [_thread_in_vm, id=12292, stack(0x00000026fff00000,0x0000002700000000)]

Stack: [0x00000026fff00000,0x0000002700000000]
Native frames: (J=compiled Java code, j=interpreted, Vv=VM code, C=native code)
V  [jvm.dll+0x5f8a9a]
V  [jvm.dll+0x74247a]
V  [jvm.dll+0x743c2f]
V  [jvm.dll+0x744273]
V  [jvm.dll+0x20d288]
V  [jvm.dll+0x5f5dea]
V  [jvm.dll+0x5eac45]
V  [jvm.dll+0x2c7e9c]
V  [jvm.dll+0x2c7cd2]
V  [jvm.dll+0x2cdbbc]
V  [jvm.dll+0x313fe8]
V  [jvm.dll+0x313710]
V  [jvm.dll+0x2a092a]
V  [jvm.dll+0x2a1a79]
V  [jvm.dll+0x71fd48]
V  [jvm.dll+0x321c14]
V  [jvm.dll+0x70112c]
V  [jvm.dll+0x392def]
V  [jvm.dll+0x394e61]
C  [jli.dll+0x524b]
C  [ucrtbase.dll+0x210b2]
C  [KERNEL32.DLL+0x17c24]
C  [ntdll.dll+0x6d4d1]


---------------  P R O C E S S  ---------------

Threads class SMR info:
_java_thread_list=0x00007ffe29c63038, length=0, elements={
}

Java Threads: ( => current thread )

Other Threads:
  0x0000013e74ff2000 GCTaskThread "GC Thread#0" [stack: 0x0000002680000000,0x0000002680100000] [id=8092]
  0x0000013e75003800 ConcurrentGCThread "G1 Main Marker" [stack: 0x0000002680100000,0x0000002680200000] [id=17788]
  0x0000013e75004800 ConcurrentGCThread "G1 Conc#0" [stack: 0x0000002680200000,0x0000002680300000] [id=36148]

[error occurred during error reporting (printing all threads), id 0xc0000005, EXCEPTION_ACCESS_VIOLATION (0xc0000005) at pc=0x00007ffe29491257]

VM state:not at safepoint (not fully initialized)

VM Mutex/Monitor currently owned by a thread:  ([mutex/lock_event])
[0x0000013e74fabd50] Heap_lock - owner thread: 0x0000013e74fae800

Heap address: 0x0000000081e00000, size: 2018 MB, Compressed Oops mode: 32-bit
Narrow klass base: 0x0000000000000000, Narrow klass shift: 0

GC Heap History (0 events):
No events

Deoptimization events (0 events):
No events

Classes unloaded (0 events):
No events

Classes redefined (0 events):
No events

Internal exceptions (0 events):
No events

Events (2 events):
Event: 0.054 Loaded shared library C:\Program Files\Java\jdk-14.0.2\bin\java.dll
Event: 0.056 Loaded shared library C:\Program Files\Java\jdk-14.0.2\bin\zip.dll


Dynamic libraries:
0x00007ff656170000 - 0x00007ff65617f000 	C:\Program Files\Java\jdk-14.0.2\bin\java.exe
0x00007ffe75440000 - 0x00007ffe75630000 	C:\WINDOWS\SYSTEM32\ntdll.dll
0x00007ffe73e80000 - 0x00007ffe73f32000 	C:\WINDOWS\System32\KERNEL32.DLL
0x00007ffe72440000 - 0x00007ffe726e5000 	C:\WINDOWS\System32\KERNELBASE.dll
0x00007ffe731e0000 - 0x00007ffe732da000 	C:\WINDOWS\System32\ucrtbase.dll
0x00007ffe3b2f0000 - 0x00007ffe3b305000 	C:\Program Files\Java\jdk-14.0.2\bin\VCRUNTIME140.dll
0x00007ffe3b2d0000 - 0x00007ffe3b2e8000 	C:\Program Files\Java\jdk-14.0.2\bin\jli.dll
0x00007ffe740b0000 - 0x00007ffe74153000 	C:\WINDOWS\System32\ADVAPI32.dll
0x00007ffe73c80000 - 0x00007ffe73d1e000 	C:\WINDOWS\System32\msvcrt.dll
0x00007ffe74340000 - 0x00007ffe743d7000 	C:\WINDOWS\System32\sechost.dll
0x00007ffe74cd0000 - 0x00007ffe74df0000 	C:\WINDOWS\System32\RPCRT4.dll
0x00007ffe75260000 - 0x00007ffe753f4000 	C:\WINDOWS\System32\USER32.dll
0x00007ffe73490000 - 0x00007ffe734b1000 	C:\WINDOWS\System32\win32u.dll
0x00007ffe74400000 - 0x00007ffe74426000 	C:\WINDOWS\System32\GDI32.dll
0x00007ffe726f0000 - 0x00007ffe72886000 	C:\WINDOWS\System32\gdi32full.dll
0x00007ffe730d0000 - 0x00007ffe7316e000 	C:\WINDOWS\System32\msvcp_win.dll
0x00007ffe63960000 - 0x00007ffe63be4000 	C:\WINDOWS\WinSxS\amd64_microsoft.windows.common-controls_6595b64144ccf1df_6.0.18362.1198_none_9e820b57e45ad92f\COMCTL32.dll
0x00007ffe73940000 - 0x00007ffe73c75000 	C:\WINDOWS\System32\combase.dll
0x00007ffe723c0000 - 0x00007ffe72440000 	C:\WINDOWS\System32\bcryptPrimitives.dll
0x00007ffe651b0000 - 0x00007ffe651ba000 	C:\WINDOWS\SYSTEM32\VERSION.dll
0x00007ffe74080000 - 0x00007ffe740ae000 	C:\WINDOWS\System32\IMM32.DLL
0x00007ffe2ab90000 - 0x00007ffe2ac2b000 	C:\Program Files\Java\jdk-14.0.2\bin\msvcp140.dll
0x00007ffe291e0000 - 0x00007ffe29cfe000 	C:\Program Files\Java\jdk-14.0.2\bin\server\jvm.dll
0x00007ffe73da0000 - 0x00007ffe73da8000 	C:\WINDOWS\System32\PSAPI.DLL
0x00007ffe6f950000 - 0x00007ffe6f974000 	C:\WINDOWS\SYSTEM32\WINMM.dll
0x00007ffe61c80000 - 0x00007ffe61c89000 	C:\WINDOWS\SYSTEM32\WSOCK32.dll
0x00007ffe74c60000 - 0x00007ffe74ccf000 	C:\WINDOWS\System32\WS2_32.dll
0x00007ffe6f4d0000 - 0x00007ffe6f4fd000 	C:\WINDOWS\SYSTEM32\WINMMBASE.dll
0x00007ffe73170000 - 0x00007ffe731ba000 	C:\WINDOWS\System32\cfgmgr32.dll
0x00007ffe72350000 - 0x00007ffe72361000 	C:\WINDOWS\System32\kernel.appcore.dll
0x00007ffe6e050000 - 0x00007ffe6e05a000 	C:\Program Files\Java\jdk-14.0.2\bin\jimage.dll
0x00007ffe70be0000 - 0x00007ffe70dd4000 	C:\WINDOWS\SYSTEM32\DBGHELP.DLL
0x00007ffe61070000 - 0x00007ffe6109a000 	C:\WINDOWS\SYSTEM32\dbgcore.DLL
0x00007ffe34940000 - 0x00007ffe34965000 	C:\Program Files\Java\jdk-14.0.2\bin\java.dll
0x00007ffe3a320000 - 0x00007ffe3a336000 	C:\Program Files\Java\jdk-14.0.2\bin\zip.dll

dbghelp: loaded successfully - version: 4.0.5 - missing functions: none
symbol engine: initialized successfully - sym options: 0x614 - pdb path: .;C:\Program Files\Java\jdk-14.0.2\bin;C:\WINDOWS\SYSTEM32;C:\WINDOWS\WinSxS\amd64_microsoft.windows.common-controls_6595b64144ccf1df_6.0.18362.1198_none_9e820b57e45ad92f;C:\Program Files\Java\jdk-14.0.2\bin\server

VM Arguments:
java_command: <unknown>
java_class_path (initial): <not set>
Launcher Type: SUN_STANDARD

[Global flags]
     intx CICompilerCount                          = 4                                         {product} {ergonomic}
     uint ConcGCThreads                            = 2                                         {product} {ergonomic}
     uint G1ConcRefinementThreads                  = 8                                         {product} {ergonomic}
   size_t G1HeapRegionSize                         = 1048576                                   {product} {ergonomic}
    uintx GCDrainStackTargetSize                   = 64                                        {product} {ergonomic}
   size_t InitialHeapSize                          = 134217728                                 {product} {ergonomic}
   size_t MarkStackSize                            = 4194304                                   {product} {ergonomic}
   size_t MaxHeapSize                              = 2116026368                                {product} {ergonomic}
   size_t MinHeapDeltaBytes                        = 1048576                                   {product} {ergonomic}
   size_t MinHeapSize                              = 8388608                                   {product} {ergonomic}
    uintx NonNMethodCodeHeapSize                   = 5839372                                {pd product} {ergonomic}
    uintx NonProfiledCodeHeapSize                  = 122909434                              {pd product} {ergonomic}
    uintx ProfiledCodeHeapSize                     = 122909434                              {pd product} {ergonomic}
    uintx ReservedCodeCacheSize                    = 251658240                              {pd product} {ergonomic}
     bool SegmentedCodeCache                       = true                                      {product} {ergonomic}
   size_t SoftMaxHeapSize                          = 2116026368                             {manageable} {ergonomic}
     bool UseCompressedClassPointers               = true                                 {lp64_product} {ergonomic}
     bool UseCompressedOops                        = true                                 {lp64_product} {ergonomic}
     bool UseG1GC                                  = true                                      {product} {ergonomic}
     bool UseLargePagesIndividualAllocation        = false                                  {pd product} {ergonomic}

Logging:
Log output configuration:
 #0: stdout all=warning uptime,level,tags
 #1: stderr all=off uptime,level,tags

Environment Variables:
JAVA_HOME=C:\Program Files\Java\jdk-14.0.2
PATH=C:\Users\soond\bin;C:\Program Files\Git\mingw64\bin;C:\Program Files\Git\usr\local\bin;C:\Program Files\Git\usr\bin;C:\Program Files\Git\usr\bin;C:\Program Files\Git\mingw64\bin;C:\Program Files\Git\usr\bin;C:\Users\soond\bin;C:\Program Files\Microsoft MPI\Bin;%JAVA_JOME%\bin;C:\app\soond\product\18.0.0\dbhomeXE\bin;C:\Program Files (x86)\Common Files\Oracle\Java\javapath;C:\Program Files (x86)\Intel\Intel(R) Management Engine Components\iCLS;C:\Program Files\Intel\Intel(R) Management Engine Components\iCLS;C:\Windows\system32;C:\Windows;C:\Windows\System32\Wbem;C:\Windows\System32\WindowsPowerShell\v1.0;C:\Program Files (x86)\Intel\Intel(R) Management Engine Components\DAL;C:\Program Files\Intel\Intel(R) Management Engine Components\DAL;C:\Program Files (x86)\Intel\Intel(R) Management Engine Components\IPT;C:\Program Files\Intel\Intel(R) Management Engine Components\IPT;C:\Program Files (x86)\NVIDIA Corporation\PhysX\Common;C:\WINDOWS\system32;C:\WINDOWS;C:\WINDOWS\System32\Wbem;C:\WINDOWS\System32\WindowsPowerShell\v1.0;C:\WINDOWS\System32\OpenSSH;C:\Program Files\Git\cmd;C:\Program Files\nodejs;C:\Program Files\Java\maven\apache-maven-3.6.3\bin;C:\Program Files\PuTTY;C:\Program Files\Java\jdk1.8.0_261\bin;C:\Users\soond\AppData\Local\Microsoft\WindowsApps;C:\Program Files\Microsoft SQL Server\Client SDK\ODBC\170\Tools\Binn;C:\Program Files (x86)\Microsoft SQL Server\150\Tools\Binn;C:\Program Files\Microsoft SQL Server\150\Tools\Binn;C:\Program Files\Microsoft SQL Server\150\DTS\Binn;C:\Program Files (x86)\Microsoft SQL Server\150\DTS\Binn;C:\Program Files\Azure Data Studio\bin;C:\Users\soond\AppData\Local\Microsoft\WindowsApps;C:\Users\soond\AppData\Local\Programs\Microsoft VS Code\bin;C:\Users\soond\AppData\Local\GitHubDesktop\bin;C:\Users\soond\AppData\Roaming\npm;C:\Program Files\Java\jdk1.8.0_261\bin;C:\Program Files\Azure Data Studio\bin;C:\Program Files\Git\usr\bin\vendor_perl;C:\Program Files\Git\usr\bin\core_perl
USERNAME=soond
SHELL=C:\Program Files\Git\usr\bin\bash.exe
DISPLAY=needs-to-be-defined
OS=Windows_NT
PROCESSOR_IDENTIFIER=Intel64 Family 6 Model 142 Stepping 10, GenuineIntel



---------------  S Y S T E M  ---------------

OS: Windows 10 , 64 bit Build 18362 (10.0.18362.1110)
OS uptime: 0 days 17:37 hours

CPU:total 8 (initial active 8) (4 cores per cpu, 2 threads per core) family 6 model 142 stepping 10, cmov, cx8, fxsr, mmx, sse, sse2, sse3, ssse3, sse4.1, sse4.2, popcnt, avx, avx2, aes, clmul, erms, 3dnowpref, lzcnt, ht, tsc, tscinvbit, bmi1, bmi2, adx, fma

Memory: 4k page, system-wide physical 8069M (290M free)
TotalPageFile size 27684M (AvailPageFile size 82M)
current process WorkingSet (physical memory assigned to process): 10M, peak: 10M
current process commit charge ("private bytes"): 60M, peak: 188M

vm_info: Java HotSpot(TM) 64-Bit Server VM (14.0.2+12-46) for windows-amd64 JRE (14.0.2+12-46), built on Jul  9 2020 00:35:52 by "mach5one" with MS VC++ 15.9 (VS2017)

END.
