#
# There is insufficient memory for the Java Runtime Environment to continue.
# Native memory allocation (malloc) failed to allocate 1021776 bytes for Chunk::new
# Possible reasons:
#   The system is out of physical RAM or swap space
#   The process is running with CompressedOops enabled, and the Java Heap may be blocking the growth of the native heap
# Possible solutions:
#   Reduce memory load on the system
#   Increase physical memory or swap space
#   Check if swap backing store is full
#   Decrease Java heap size (-Xmx/-Xms)
#   Decrease number of Java threads
#   Decrease Java thread stack sizes (-Xss)
#   Set larger code cache with -XX:ReservedCodeCacheSize=
#   JVM is running with Unscaled Compressed Oops mode in which the Java heap is
#     placed in the first 4GB address space. The Java Heap base address is the
#     maximum limit for the native heap growth. Please use -XX:HeapBaseMinAddress
#     to set the Java Heap base and to place the Java Heap above 4GB virtual address.
# This output file may be truncated or incomplete.
#
#  Out of Memory Error (./open/src/hotspot/share/memory/arena.cpp:195), pid=41652, tid=41576
#
# JRE version: Java(TM) SE Runtime Environment (14.0.2+12) (build 14.0.2+12-46)
# Java VM: Java HotSpot(TM) 64-Bit Server VM (14.0.2+12-46, mixed mode, sharing, tiered, compressed oops, g1 gc, windows-amd64)
# No core dump will be written. Minidumps are not enabled by default on client versions of Windows
#

---------------  S U M M A R Y ------------

Command Line: C:\Users\soond\AppData\Local\Temp\surefire8225695890336348271\surefirebooter7134854522497252730.jar C:\Users\soond\AppData\Local\Temp\surefire8225695890336348271 2020-12-15T04-35-55_342-jvmRun1 surefire916887873883377473tmp surefire_04289337885248737864tmp

Host: Intel(R) Core(TM) i5-8250U CPU @ 1.60GHz, 8 cores, 7G,  Windows 10 , 64 bit Build 18362 (10.0.18362.1110)
Time: Tue Dec 15 04:36:00 2020 Oaio?aeuiay Acey (ceia) elapsed time: 4 seconds (0d 0h 0m 4s)

---------------  T H R E A D  ---------------

Current thread (0x000001f58736e800):  JavaThread "C2 CompilerThread0" daemon [_thread_in_native, id=41576, stack(0x0000007f83700000,0x0000007f83800000)]


Current CompileTask:
C2:   4233 1891       4       org.springframework.boot.context.properties.source.ConfigurationPropertyName$ElementsParser::parse (234 bytes)

Stack: [0x0000007f83700000,0x0000007f83800000]
Native frames: (J=compiled Java code, j=interpreted, Vv=VM code, C=native code)
V  [jvm.dll+0x5f8a9a]
V  [jvm.dll+0x74247a]
V  [jvm.dll+0x743c2f]
V  [jvm.dll+0x744273]
V  [jvm.dll+0x20d288]
V  [jvm.dll+0xabb07]
V  [jvm.dll+0xac1fc]
V  [jvm.dll+0x276db4]
V  [jvm.dll+0x50cffa]
V  [jvm.dll+0x1ee036]
V  [jvm.dll+0x1e77c9]
V  [jvm.dll+0x1e4f98]
V  [jvm.dll+0x1779cc]
V  [jvm.dll+0x1f4105]
V  [jvm.dll+0x1f22eb]
V  [jvm.dll+0x7070cd]
V  [jvm.dll+0x6ffeda]
V  [jvm.dll+0x5f78f6]
C  [ucrtbase.dll+0x210b2]
C  [KERNEL32.DLL+0x17c24]
C  [ntdll.dll+0x6d4d1]


---------------  P R O C E S S  ---------------

Threads class SMR info:
_java_thread_list=0x000001f58a258120, length=14, elements={
0x000001f5e829c800, 0x000001f587349000, 0x000001f58734a000, 0x000001f587360000,
0x000001f587363000, 0x000001f587366800, 0x000001f58736e800, 0x000001f587370000,
0x000001f587389000, 0x000001f587385000, 0x000001f587383800, 0x000001f587386800,
0x000001f587387800, 0x000001f587388000
}

Java Threads: ( => current thread )
  0x000001f5e829c800 JavaThread "main" [_thread_in_native, id=26664, stack(0x0000007f82b00000,0x0000007f82c00000)]
  0x000001f587349000 JavaThread "Reference Handler" daemon [_thread_blocked, id=41688, stack(0x0000007f83200000,0x0000007f83300000)]
  0x000001f58734a000 JavaThread "Finalizer" daemon [_thread_blocked, id=39352, stack(0x0000007f83300000,0x0000007f83400000)]
  0x000001f587360000 JavaThread "Signal Dispatcher" daemon [_thread_blocked, id=18976, stack(0x0000007f83400000,0x0000007f83500000)]
  0x000001f587363000 JavaThread "Attach Listener" daemon [_thread_blocked, id=15440, stack(0x0000007f83500000,0x0000007f83600000)]
  0x000001f587366800 JavaThread "Service Thread" daemon [_thread_blocked, id=31676, stack(0x0000007f83600000,0x0000007f83700000)]
=>0x000001f58736e800 JavaThread "C2 CompilerThread0" daemon [_thread_in_native, id=41576, stack(0x0000007f83700000,0x0000007f83800000)]
  0x000001f587370000 JavaThread "C1 CompilerThread0" daemon [_thread_in_native, id=34032, stack(0x0000007f83800000,0x0000007f83900000)]
  0x000001f587389000 JavaThread "Sweeper thread" daemon [_thread_blocked, id=37224, stack(0x0000007f83900000,0x0000007f83a00000)]
  0x000001f587385000 JavaThread "Notification Thread" daemon [_thread_blocked, id=13512, stack(0x0000007f83a00000,0x0000007f83b00000)]
  0x000001f587383800 JavaThread "Common-Cleaner" daemon [_thread_blocked, id=28528, stack(0x0000007f83c00000,0x0000007f83d00000)]
  0x000001f587386800 JavaThread "surefire-forkedjvm-command-thread" daemon [_thread_in_native, id=27236, stack(0x0000007f83d00000,0x0000007f83e00000)]
  0x000001f587387800 JavaThread "surefire-forkedjvm-ping-30s" daemon [_thread_blocked, id=30884, stack(0x0000007f83e00000,0x0000007f83f00000)]
  0x000001f587388000 JavaThread "background-preinit" [_thread_in_native, id=36408, stack(0x0000007f84100000,0x0000007f84200000)]

Other Threads:
  0x000001f587343800 VMThread "VM Thread" [stack: 0x0000007f83100000,0x0000007f83200000] [id=5380]
  0x000001f587ddf000 WatcherThread [stack: 0x0000007f83b00000,0x0000007f83c00000] [id=19436]
  0x000001f5e82de800 GCTaskThread "GC Thread#0" [stack: 0x0000007f82c00000,0x0000007f82d00000] [id=41620]
  0x000001f587f9e000 GCTaskThread "GC Thread#1" [stack: 0x0000007f83f00000,0x0000007f84000000] [id=14548]
  0x000001f588720800 GCTaskThread "GC Thread#2" [stack: 0x0000007f84000000,0x0000007f84100000] [id=5260]
  0x000001f58a827000 GCTaskThread "GC Thread#3" [stack: 0x0000007f84200000,0x0000007f84300000] [id=21208]
  0x000001f5e82ef800 ConcurrentGCThread "G1 Main Marker" [stack: 0x0000007f82d00000,0x0000007f82e00000] [id=14764]
  0x000001f5e82f2800 ConcurrentGCThread "G1 Conc#0" [stack: 0x0000007f82e00000,0x0000007f82f00000] [id=40968]
  0x000001f5871b3800 ConcurrentGCThread "G1 Refine#0" [stack: 0x0000007f82f00000,0x0000007f83000000] [id=40040]
  0x000001f5871b4800 ConcurrentGCThread "G1 Young RemSet Sampling" [stack: 0x0000007f83000000,0x0000007f83100000] [id=41116]

Threads with active compile tasks:
C2 CompilerThread0     4302 1891       4       org.springframework.boot.context.properties.source.ConfigurationPropertyName$ElementsParser::parse (234 bytes)
C1 CompilerThread0     4302 2054       2       java.util.concurrent.ConcurrentHashMap::<init> (73 bytes)

VM state:not at safepoint (normal execution)

VM Mutex/Monitor currently owned by a thread: None

Heap address: 0x0000000081e00000, size: 2018 MB, Compressed Oops mode: 32-bit
Narrow klass base: 0x0000000800000000, Narrow klass shift: 3
Compressed class space size: 1073741824 Address: 0x0000000800b30000

Heap:
 garbage-first heap   total 131072K, used 57405K [0x0000000081e00000, 0x0000000100000000)
  region size 1024K, 49 young (50176K), 7 survivors (7168K)
 Metaspace       used 16536K, capacity 17199K, committed 17408K, reserved 1064960K
  class space    used 2183K, capacity 2436K, committed 2560K, reserved 1048576K
Heap Regions: E=young(eden), S=young(survivor), O=old, HS=humongous(starts), HC=humongous(continues), CS=collection set, F=free, OA=open archive, CA=closed archive, TAMS=top-at-mark-start (previous, next)
|   0|0x0000000081e00000, 0x0000000081f00000, 0x0000000081f00000|100%| O|  |TAMS 0x0000000081e00000, 0x0000000081e00000| Untracked 
|   1|0x0000000081f00000, 0x0000000082000000, 0x0000000082000000|100%| O|  |TAMS 0x0000000081f00000, 0x0000000081f00000| Untracked 
|   2|0x0000000082000000, 0x0000000082100000, 0x0000000082100000|100%| O|  |TAMS 0x0000000082000000, 0x0000000082000000| Untracked 
|   3|0x0000000082100000, 0x0000000082200000, 0x0000000082200000|100%| O|  |TAMS 0x0000000082100000, 0x0000000082100000| Untracked 
|   4|0x0000000082200000, 0x0000000082300000, 0x0000000082300000|100%|HS|  |TAMS 0x0000000082200000, 0x0000000082200000| Complete 
|   5|0x0000000082300000, 0x0000000082400000, 0x0000000082400000|100%| O|  |TAMS 0x0000000082300000, 0x0000000082300000| Untracked 
|   6|0x0000000082400000, 0x0000000082500000, 0x0000000082500000|100%| O|  |TAMS 0x0000000082400000, 0x0000000082400000| Untracked 
|   7|0x0000000082500000, 0x0000000082600000, 0x0000000082600000|100%| O|  |TAMS 0x0000000082500000, 0x0000000082500000| Untracked 
|   8|0x0000000082600000, 0x00000000826c0c00, 0x0000000082700000| 75%| O|  |TAMS 0x0000000082600000, 0x0000000082600000| Untracked 
|   9|0x0000000082700000, 0x0000000082700000, 0x0000000082800000|  0%| F|  |TAMS 0x0000000082700000, 0x0000000082700000| Untracked 
|  10|0x0000000082800000, 0x0000000082800000, 0x0000000082900000|  0%| F|  |TAMS 0x0000000082800000, 0x0000000082800000| Untracked 
|  11|0x0000000082900000, 0x0000000082900000, 0x0000000082a00000|  0%| F|  |TAMS 0x0000000082900000, 0x0000000082900000| Untracked 
|  12|0x0000000082a00000, 0x0000000082a00000, 0x0000000082b00000|  0%| F|  |TAMS 0x0000000082a00000, 0x0000000082a00000| Untracked 
|  13|0x0000000082b00000, 0x0000000082b00000, 0x0000000082c00000|  0%| F|  |TAMS 0x0000000082b00000, 0x0000000082b00000| Untracked 
|  14|0x0000000082c00000, 0x0000000082c00000, 0x0000000082d00000|  0%| F|  |TAMS 0x0000000082c00000, 0x0000000082c00000| Untracked 
|  15|0x0000000082d00000, 0x0000000082d00000, 0x0000000082e00000|  0%| F|  |TAMS 0x0000000082d00000, 0x0000000082d00000| Untracked 
|  16|0x0000000082e00000, 0x0000000082e00000, 0x0000000082f00000|  0%| F|  |TAMS 0x0000000082e00000, 0x0000000082e00000| Untracked 
|  17|0x0000000082f00000, 0x0000000082f00000, 0x0000000083000000|  0%| F|  |TAMS 0x0000000082f00000, 0x0000000082f00000| Untracked 
|  18|0x0000000083000000, 0x0000000083000000, 0x0000000083100000|  0%| F|  |TAMS 0x0000000083000000, 0x0000000083000000| Untracked 
|  19|0x0000000083100000, 0x0000000083100000, 0x0000000083200000|  0%| F|  |TAMS 0x0000000083100000, 0x0000000083100000| Untracked 
|  20|0x0000000083200000, 0x0000000083200000, 0x0000000083300000|  0%| F|  |TAMS 0x0000000083200000, 0x0000000083200000| Untracked 
|  21|0x0000000083300000, 0x0000000083300000, 0x0000000083400000|  0%| F|  |TAMS 0x0000000083300000, 0x0000000083300000| Untracked 
|  22|0x0000000083400000, 0x0000000083400000, 0x0000000083500000|  0%| F|  |TAMS 0x0000000083400000, 0x0000000083400000| Untracked 
|  23|0x0000000083500000, 0x0000000083500000, 0x0000000083600000|  0%| F|  |TAMS 0x0000000083500000, 0x0000000083500000| Untracked 
|  24|0x0000000083600000, 0x0000000083600000, 0x0000000083700000|  0%| F|  |TAMS 0x0000000083600000, 0x0000000083600000| Untracked 
|  25|0x0000000083700000, 0x0000000083700000, 0x0000000083800000|  0%| F|  |TAMS 0x0000000083700000, 0x0000000083700000| Untracked 
|  26|0x0000000083800000, 0x0000000083800000, 0x0000000083900000|  0%| F|  |TAMS 0x0000000083800000, 0x0000000083800000| Untracked 
|  27|0x0000000083900000, 0x0000000083900000, 0x0000000083a00000|  0%| F|  |TAMS 0x0000000083900000, 0x0000000083900000| Untracked 
|  28|0x0000000083a00000, 0x0000000083a00000, 0x0000000083b00000|  0%| F|  |TAMS 0x0000000083a00000, 0x0000000083a00000| Untracked 
|  29|0x0000000083b00000, 0x0000000083b00000, 0x0000000083c00000|  0%| F|  |TAMS 0x0000000083b00000, 0x0000000083b00000| Untracked 
|  30|0x0000000083c00000, 0x0000000083c00000, 0x0000000083d00000|  0%| F|  |TAMS 0x0000000083c00000, 0x0000000083c00000| Untracked 
|  31|0x0000000083d00000, 0x0000000083d00000, 0x0000000083e00000|  0%| F|  |TAMS 0x0000000083d00000, 0x0000000083d00000| Untracked 
|  32|0x0000000083e00000, 0x0000000083e00000, 0x0000000083f00000|  0%| F|  |TAMS 0x0000000083e00000, 0x0000000083e00000| Untracked 
|  33|0x0000000083f00000, 0x0000000083f00000, 0x0000000084000000|  0%| F|  |TAMS 0x0000000083f00000, 0x0000000083f00000| Untracked 
|  34|0x0000000084000000, 0x0000000084000000, 0x0000000084100000|  0%| F|  |TAMS 0x0000000084000000, 0x0000000084000000| Untracked 
|  35|0x0000000084100000, 0x0000000084100000, 0x0000000084200000|  0%| F|  |TAMS 0x0000000084100000, 0x0000000084100000| Untracked 
|  36|0x0000000084200000, 0x0000000084200000, 0x0000000084300000|  0%| F|  |TAMS 0x0000000084200000, 0x0000000084200000| Untracked 
|  37|0x0000000084300000, 0x0000000084300000, 0x0000000084400000|  0%| F|  |TAMS 0x0000000084300000, 0x0000000084300000| Untracked 
|  38|0x0000000084400000, 0x0000000084400000, 0x0000000084500000|  0%| F|  |TAMS 0x0000000084400000, 0x0000000084400000| Untracked 
|  39|0x0000000084500000, 0x0000000084500000, 0x0000000084600000|  0%| F|  |TAMS 0x0000000084500000, 0x0000000084500000| Untracked 
|  40|0x0000000084600000, 0x0000000084600000, 0x0000000084700000|  0%| F|  |TAMS 0x0000000084600000, 0x0000000084600000| Untracked 
|  41|0x0000000084700000, 0x0000000084700000, 0x0000000084800000|  0%| F|  |TAMS 0x0000000084700000, 0x0000000084700000| Untracked 
|  42|0x0000000084800000, 0x0000000084800000, 0x0000000084900000|  0%| F|  |TAMS 0x0000000084800000, 0x0000000084800000| Untracked 
|  43|0x0000000084900000, 0x0000000084900000, 0x0000000084a00000|  0%| F|  |TAMS 0x0000000084900000, 0x0000000084900000| Untracked 
|  44|0x0000000084a00000, 0x0000000084a00000, 0x0000000084b00000|  0%| F|  |TAMS 0x0000000084a00000, 0x0000000084a00000| Untracked 
|  45|0x0000000084b00000, 0x0000000084b00000, 0x0000000084c00000|  0%| F|  |TAMS 0x0000000084b00000, 0x0000000084b00000| Untracked 
|  46|0x0000000084c00000, 0x0000000084c00000, 0x0000000084d00000|  0%| F|  |TAMS 0x0000000084c00000, 0x0000000084c00000| Untracked 
|  47|0x0000000084d00000, 0x0000000084d00000, 0x0000000084e00000|  0%| F|  |TAMS 0x0000000084d00000, 0x0000000084d00000| Untracked 
|  48|0x0000000084e00000, 0x0000000084e00000, 0x0000000084f00000|  0%| F|  |TAMS 0x0000000084e00000, 0x0000000084e00000| Untracked 
|  49|0x0000000084f00000, 0x0000000084f00000, 0x0000000085000000|  0%| F|  |TAMS 0x0000000084f00000, 0x0000000084f00000| Untracked 
|  50|0x0000000085000000, 0x0000000085000000, 0x0000000085100000|  0%| F|  |TAMS 0x0000000085000000, 0x0000000085000000| Untracked 
|  51|0x0000000085100000, 0x0000000085100000, 0x0000000085200000|  0%| F|  |TAMS 0x0000000085100000, 0x0000000085100000| Untracked 
|  52|0x0000000085200000, 0x000000008524e800, 0x0000000085300000| 30%| S|CS|TAMS 0x0000000085200000, 0x0000000085200000| Complete 
|  53|0x0000000085300000, 0x0000000085400000, 0x0000000085400000|100%| S|CS|TAMS 0x0000000085300000, 0x0000000085300000| Complete 
|  54|0x0000000085400000, 0x0000000085500000, 0x0000000085500000|100%| S|CS|TAMS 0x0000000085400000, 0x0000000085400000| Complete 
|  55|0x0000000085500000, 0x0000000085600000, 0x0000000085600000|100%| S|CS|TAMS 0x0000000085500000, 0x0000000085500000| Complete 
|  56|0x0000000085600000, 0x0000000085700000, 0x0000000085700000|100%| S|CS|TAMS 0x0000000085600000, 0x0000000085600000| Complete 
|  57|0x0000000085700000, 0x0000000085800000, 0x0000000085800000|100%| S|CS|TAMS 0x0000000085700000, 0x0000000085700000| Complete 
|  58|0x0000000085800000, 0x0000000085900000, 0x0000000085900000|100%| S|CS|TAMS 0x0000000085800000, 0x0000000085800000| Complete 
|  59|0x0000000085900000, 0x0000000085900000, 0x0000000085a00000|  0%| F|  |TAMS 0x0000000085900000, 0x0000000085900000| Untracked 
|  60|0x0000000085a00000, 0x0000000085a00000, 0x0000000085b00000|  0%| F|  |TAMS 0x0000000085a00000, 0x0000000085a00000| Untracked 
|  61|0x0000000085b00000, 0x0000000085b00000, 0x0000000085c00000|  0%| F|  |TAMS 0x0000000085b00000, 0x0000000085b00000| Untracked 
|  62|0x0000000085c00000, 0x0000000085c00000, 0x0000000085d00000|  0%| F|  |TAMS 0x0000000085c00000, 0x0000000085c00000| Untracked 
|  63|0x0000000085d00000, 0x0000000085d00000, 0x0000000085e00000|  0%| F|  |TAMS 0x0000000085d00000, 0x0000000085d00000| Untracked 
|  64|0x0000000085e00000, 0x0000000085e00000, 0x0000000085f00000|  0%| F|  |TAMS 0x0000000085e00000, 0x0000000085e00000| Untracked 
|  65|0x0000000085f00000, 0x0000000085f00000, 0x0000000086000000|  0%| F|  |TAMS 0x0000000085f00000, 0x0000000085f00000| Untracked 
|  66|0x0000000086000000, 0x0000000086000000, 0x0000000086100000|  0%| F|  |TAMS 0x0000000086000000, 0x0000000086000000| Untracked 
|  67|0x0000000086100000, 0x0000000086100000, 0x0000000086200000|  0%| F|  |TAMS 0x0000000086100000, 0x0000000086100000| Untracked 
|  68|0x0000000086200000, 0x0000000086200000, 0x0000000086300000|  0%| F|  |TAMS 0x0000000086200000, 0x0000000086200000| Untracked 
|  69|0x0000000086300000, 0x0000000086300000, 0x0000000086400000|  0%| F|  |TAMS 0x0000000086300000, 0x0000000086300000| Untracked 
|  70|0x0000000086400000, 0x0000000086400000, 0x0000000086500000|  0%| F|  |TAMS 0x0000000086400000, 0x0000000086400000| Untracked 
|  71|0x0000000086500000, 0x0000000086500000, 0x0000000086600000|  0%| F|  |TAMS 0x0000000086500000, 0x0000000086500000| Untracked 
|  72|0x0000000086600000, 0x0000000086600000, 0x0000000086700000|  0%| F|  |TAMS 0x0000000086600000, 0x0000000086600000| Untracked 
|  73|0x0000000086700000, 0x0000000086700000, 0x0000000086800000|  0%| F|  |TAMS 0x0000000086700000, 0x0000000086700000| Untracked 
|  74|0x0000000086800000, 0x0000000086800000, 0x0000000086900000|  0%| F|  |TAMS 0x0000000086800000, 0x0000000086800000| Untracked 
|  75|0x0000000086900000, 0x0000000086900000, 0x0000000086a00000|  0%| F|  |TAMS 0x0000000086900000, 0x0000000086900000| Untracked 
|  76|0x0000000086a00000, 0x0000000086a00000, 0x0000000086b00000|  0%| F|  |TAMS 0x0000000086a00000, 0x0000000086a00000| Untracked 
|  77|0x0000000086b00000, 0x0000000086b00000, 0x0000000086c00000|  0%| F|  |TAMS 0x0000000086b00000, 0x0000000086b00000| Untracked 
|  78|0x0000000086c00000, 0x0000000086c00000, 0x0000000086d00000|  0%| F|  |TAMS 0x0000000086c00000, 0x0000000086c00000| Untracked 
|  79|0x0000000086d00000, 0x0000000086d00000, 0x0000000086e00000|  0%| F|  |TAMS 0x0000000086d00000, 0x0000000086d00000| Untracked 
|  80|0x0000000086e00000, 0x0000000086e00000, 0x0000000086f00000|  0%| F|  |TAMS 0x0000000086e00000, 0x0000000086e00000| Untracked 
|  81|0x0000000086f00000, 0x0000000086f00000, 0x0000000087000000|  0%| F|  |TAMS 0x0000000086f00000, 0x0000000086f00000| Untracked 
|  82|0x0000000087000000, 0x0000000087000000, 0x0000000087100000|  0%| F|  |TAMS 0x0000000087000000, 0x0000000087000000| Untracked 
|  83|0x0000000087100000, 0x0000000087100000, 0x0000000087200000|  0%| F|  |TAMS 0x0000000087100000, 0x0000000087100000| Untracked 
|  84|0x0000000087200000, 0x0000000087200000, 0x0000000087300000|  0%| F|  |TAMS 0x0000000087200000, 0x0000000087200000| Untracked 
|  85|0x0000000087300000, 0x00000000873df128, 0x0000000087400000| 87%| E|  |TAMS 0x0000000087300000, 0x0000000087300000| Complete 
|  86|0x0000000087400000, 0x0000000087500000, 0x0000000087500000|100%| E|CS|TAMS 0x0000000087400000, 0x0000000087400000| Complete 
|  87|0x0000000087500000, 0x0000000087600000, 0x0000000087600000|100%| E|CS|TAMS 0x0000000087500000, 0x0000000087500000| Complete 
|  88|0x0000000087600000, 0x0000000087700000, 0x0000000087700000|100%| E|CS|TAMS 0x0000000087600000, 0x0000000087600000| Complete 
|  89|0x0000000087700000, 0x0000000087800000, 0x0000000087800000|100%| E|CS|TAMS 0x0000000087700000, 0x0000000087700000| Complete 
|  90|0x0000000087800000, 0x0000000087900000, 0x0000000087900000|100%| E|CS|TAMS 0x0000000087800000, 0x0000000087800000| Complete 
|  91|0x0000000087900000, 0x0000000087a00000, 0x0000000087a00000|100%| E|CS|TAMS 0x0000000087900000, 0x0000000087900000| Complete 
|  92|0x0000000087a00000, 0x0000000087b00000, 0x0000000087b00000|100%| E|CS|TAMS 0x0000000087a00000, 0x0000000087a00000| Complete 
|  93|0x0000000087b00000, 0x0000000087c00000, 0x0000000087c00000|100%| E|CS|TAMS 0x0000000087b00000, 0x0000000087b00000| Complete 
|  94|0x0000000087c00000, 0x0000000087d00000, 0x0000000087d00000|100%| E|CS|TAMS 0x0000000087c00000, 0x0000000087c00000| Complete 
|  95|0x0000000087d00000, 0x0000000087e00000, 0x0000000087e00000|100%| E|CS|TAMS 0x0000000087d00000, 0x0000000087d00000| Complete 
|  96|0x0000000087e00000, 0x0000000087f00000, 0x0000000087f00000|100%| E|CS|TAMS 0x0000000087e00000, 0x0000000087e00000| Complete 
|  97|0x0000000087f00000, 0x0000000088000000, 0x0000000088000000|100%| E|CS|TAMS 0x0000000087f00000, 0x0000000087f00000| Complete 
|  98|0x0000000088000000, 0x0000000088100000, 0x0000000088100000|100%| E|CS|TAMS 0x0000000088000000, 0x0000000088000000| Complete 
|  99|0x0000000088100000, 0x0000000088200000, 0x0000000088200000|100%| E|CS|TAMS 0x0000000088100000, 0x0000000088100000| Complete 
| 100|0x0000000088200000, 0x0000000088300000, 0x0000000088300000|100%| E|CS|TAMS 0x0000000088200000, 0x0000000088200000| Complete 
| 101|0x0000000088300000, 0x0000000088400000, 0x0000000088400000|100%| E|CS|TAMS 0x0000000088300000, 0x0000000088300000| Complete 
| 102|0x0000000088400000, 0x0000000088500000, 0x0000000088500000|100%| E|CS|TAMS 0x0000000088400000, 0x0000000088400000| Complete 
| 103|0x0000000088500000, 0x0000000088600000, 0x0000000088600000|100%| E|CS|TAMS 0x0000000088500000, 0x0000000088500000| Complete 
| 104|0x0000000088600000, 0x0000000088700000, 0x0000000088700000|100%| E|CS|TAMS 0x0000000088600000, 0x0000000088600000| Complete 
| 105|0x0000000088700000, 0x0000000088800000, 0x0000000088800000|100%| E|CS|TAMS 0x0000000088700000, 0x0000000088700000| Complete 
| 106|0x0000000088800000, 0x0000000088900000, 0x0000000088900000|100%| E|CS|TAMS 0x0000000088800000, 0x0000000088800000| Complete 
| 107|0x0000000088900000, 0x0000000088a00000, 0x0000000088a00000|100%| E|CS|TAMS 0x0000000088900000, 0x0000000088900000| Complete 
| 108|0x0000000088a00000, 0x0000000088b00000, 0x0000000088b00000|100%| E|CS|TAMS 0x0000000088a00000, 0x0000000088a00000| Complete 
| 109|0x0000000088b00000, 0x0000000088c00000, 0x0000000088c00000|100%| E|CS|TAMS 0x0000000088b00000, 0x0000000088b00000| Complete 
| 110|0x0000000088c00000, 0x0000000088d00000, 0x0000000088d00000|100%| E|CS|TAMS 0x0000000088c00000, 0x0000000088c00000| Complete 
| 111|0x0000000088d00000, 0x0000000088e00000, 0x0000000088e00000|100%| E|CS|TAMS 0x0000000088d00000, 0x0000000088d00000| Complete 
| 112|0x0000000088e00000, 0x0000000088f00000, 0x0000000088f00000|100%| E|CS|TAMS 0x0000000088e00000, 0x0000000088e00000| Complete 
| 113|0x0000000088f00000, 0x0000000089000000, 0x0000000089000000|100%| E|CS|TAMS 0x0000000088f00000, 0x0000000088f00000| Complete 
| 114|0x0000000089000000, 0x0000000089100000, 0x0000000089100000|100%| E|CS|TAMS 0x0000000089000000, 0x0000000089000000| Complete 
| 115|0x0000000089100000, 0x0000000089200000, 0x0000000089200000|100%| E|CS|TAMS 0x0000000089100000, 0x0000000089100000| Complete 
| 116|0x0000000089200000, 0x0000000089300000, 0x0000000089300000|100%| E|CS|TAMS 0x0000000089200000, 0x0000000089200000| Complete 
| 117|0x0000000089300000, 0x0000000089400000, 0x0000000089400000|100%| E|CS|TAMS 0x0000000089300000, 0x0000000089300000| Complete 
| 118|0x0000000089400000, 0x0000000089500000, 0x0000000089500000|100%| E|CS|TAMS 0x0000000089400000, 0x0000000089400000| Complete 
| 119|0x0000000089500000, 0x0000000089600000, 0x0000000089600000|100%| E|CS|TAMS 0x0000000089500000, 0x0000000089500000| Complete 
| 120|0x0000000089600000, 0x0000000089700000, 0x0000000089700000|100%| E|CS|TAMS 0x0000000089600000, 0x0000000089600000| Complete 
| 121|0x0000000089700000, 0x0000000089800000, 0x0000000089800000|100%| E|CS|TAMS 0x0000000089700000, 0x0000000089700000| Complete 
| 122|0x0000000089800000, 0x0000000089900000, 0x0000000089900000|100%| E|CS|TAMS 0x0000000089800000, 0x0000000089800000| Complete 
| 123|0x0000000089900000, 0x0000000089a00000, 0x0000000089a00000|100%| E|CS|TAMS 0x0000000089900000, 0x0000000089900000| Complete 
| 124|0x0000000089a00000, 0x0000000089b00000, 0x0000000089b00000|100%| E|CS|TAMS 0x0000000089a00000, 0x0000000089a00000| Complete 
| 125|0x0000000089b00000, 0x0000000089c00000, 0x0000000089c00000|100%| E|CS|TAMS 0x0000000089b00000, 0x0000000089b00000| Complete 
| 126|0x0000000089c00000, 0x0000000089d00000, 0x0000000089d00000|100%| E|CS|TAMS 0x0000000089c00000, 0x0000000089c00000| Complete 
| 127|0x0000000089d00000, 0x0000000089e00000, 0x0000000089e00000|100%| E|CS|TAMS 0x0000000089d00000, 0x0000000089d00000| Complete 

Card table byte_map: [0x000001f580400000,0x000001f580800000] _byte_map_base: 0x000001f57fff1000

Marking Bits (Prev, Next): (CMBitMap*) 0x000001f5e82df138, (CMBitMap*) 0x000001f5e82df178
 Prev Bits: [0x000001f580c00000, 0x000001f582b88000)
 Next Bits: [0x000001f582b90000, 0x000001f584b18000)

Polling page: 0x000001f5e6150000

Metaspace:

Usage:
  Non-class:     14.49 MB capacity,    14.06 MB ( 97%) used,   368.09 KB (  2%) free+waste,    69.81 KB ( <1%) overhead. 
      Class:      2.41 MB capacity,     2.15 MB ( 89%) used,   236.98 KB ( 10%) free+waste,    36.94 KB (  1%) overhead. 
       Both:     16.90 MB capacity,    16.20 MB ( 96%) used,   605.08 KB (  3%) free+waste,   106.75 KB ( <1%) overhead. 

Virtual space:
  Non-class space:       16.00 MB reserved,      14.50 MB ( 91%) committed 
      Class space:        1.00 GB reserved,       2.50 MB ( <1%) committed 
             Both:        1.02 GB reserved,      17.00 MB (  2%) committed 

Chunk freelists:
   Non-Class:  15.00 KB
       Class:  25.00 KB
        Both:  40.00 KB

MaxMetaspaceSize: 17179869184.00 GB
CompressedClassSpaceSize: 1.00 GB

CodeHeap 'non-profiled nmethods': size=120000Kb used=776Kb max_used=776Kb free=119223Kb
 bounds [0x000001f5f8510000, 0x000001f5f8780000, 0x000001f5ffa40000]
CodeHeap 'profiled nmethods': size=120000Kb used=4147Kb max_used=4147Kb free=115852Kb
 bounds [0x000001f5f0fe0000, 0x000001f5f13f0000, 0x000001f5f8510000]
CodeHeap 'non-nmethods': size=5760Kb used=1222Kb max_used=1256Kb free=4537Kb
 bounds [0x000001f5f0a40000, 0x000001f5f0cb0000, 0x000001f5f0fe0000]
 total_blobs=2516 nmethods=2030 adapters=398
 compilation: enabled
              stopped_count=0, restarted_count=0
 full_count=0

Compilation events (20 events):
Event: 4.193 Thread 0x000001f587370000 2001       2       sun.reflect.generics.reflectiveObjects.ParameterizedTypeImpl::getActualTypeArguments (11 bytes)
Event: 4.193 Thread 0x000001f587370000 nmethod 2001 0x000001f5f13d3c10 code [0x000001f5f13d3dc0, 0x000001f5f13d3f68]
Event: 4.197 Thread 0x000001f587370000 2002       1       sun.reflect.annotation.AnnotatedTypeFactory$AnnotatedTypeBaseImpl::getTypeAnnotations (5 bytes)
Event: 4.197 Thread 0x000001f587370000 nmethod 2002 0x000001f5f85d0090 code [0x000001f5f85d0220, 0x000001f5f85d02f8]
Event: 4.205 Thread 0x000001f587370000 2003       2       jdk.internal.reflect.AccessorGenerator::sub (5 bytes)
Event: 4.205 Thread 0x000001f587370000 nmethod 2003 0x000001f5f13d4010 code [0x000001f5f13d41a0, 0x000001f5f13d4278]
Event: 4.207 Thread 0x000001f587370000 2004       1       sun.reflect.annotation.AnnotatedTypeFactory$AnnotatedTypeBaseImpl::getType (5 bytes)
Event: 4.207 Thread 0x000001f587370000 nmethod 2004 0x000001f5f85d0390 code [0x000001f5f85d0520, 0x000001f5f85d05f8]
Event: 4.207 Thread 0x000001f587370000 2005       2       java.nio.ByteBuffer::position (6 bytes)
Event: 4.208 Thread 0x000001f587370000 nmethod 2005 0x000001f5f13d4310 code [0x000001f5f13d44a0, 0x000001f5f13d45e8]
Event: 4.215 Thread 0x000001f587370000 2006       2       java.util.concurrent.ConcurrentHashMap::tableSizeFor (32 bytes)
Event: 4.215 Thread 0x000001f587370000 nmethod 2006 0x000001f5f13d4690 code [0x000001f5f13d4820, 0x000001f5f13d4968]
Event: 4.215 Thread 0x000001f587370000 2007       2       java.lang.PublicMethods$MethodList::merge (192 bytes)
Event: 4.216 Thread 0x000001f587370000 nmethod 2007 0x000001f5f13d4a10 code [0x000001f5f13d4c20, 0x000001f5f13d5248]
Event: 4.218 Thread 0x000001f587370000 2008   !   3       java.util.concurrent.ConcurrentHashMap::transfer (849 bytes)
Event: 4.224 Thread 0x000001f587370000 nmethod 2008 0x000001f5f13d5590 code [0x000001f5f13d5a40, 0x000001f5f13d9008]
Event: 4.224 Thread 0x000001f587370000 2009       2       java.lang.Enum::hashCode (5 bytes)
Event: 4.224 Thread 0x000001f587370000 nmethod 2009 0x000001f5f13daa10 code [0x000001f5f13daba0, 0x000001f5f13dacc8]
Event: 4.228 Thread 0x000001f587370000 2010       2       java.lang.ref.WeakReference::<init> (6 bytes)
Event: 4.229 Thread 0x000001f587370000 nmethod 2010 0x000001f5f13dad90 code [0x000001f5f13daf20, 0x000001f5f13db0f8]

GC Heap History (6 events):
Event: 0.833 GC heap before
{Heap before GC invocations=0 (full 0):
 garbage-first heap   total 131072K, used 22528K [0x0000000081e00000, 0x0000000100000000)
  region size 1024K, 23 young (23552K), 0 survivors (0K)
 Metaspace       used 2244K, capacity 5240K, committed 5504K, reserved 1056768K
  class space    used 231K, capacity 519K, committed 640K, reserved 1048576K
}
Event: 0.844 GC heap after
{Heap after GC invocations=1 (full 0):
 garbage-first heap   total 131072K, used 6873K [0x0000000081e00000, 0x0000000100000000)
  region size 1024K, 3 young (3072K), 3 survivors (3072K)
 Metaspace       used 2244K, capacity 5240K, committed 5504K, reserved 1056768K
  class space    used 231K, capacity 519K, committed 640K, reserved 1048576K
}
Event: 1.727 GC heap before
{Heap before GC invocations=1 (full 0):
 garbage-first heap   total 131072K, used 33497K [0x0000000081e00000, 0x0000000100000000)
  region size 1024K, 29 young (29696K), 3 survivors (3072K)
 Metaspace       used 5185K, capacity 7169K, committed 7424K, reserved 1056768K
  class space    used 626K, capacity 897K, committed 1024K, reserved 1048576K
}
Event: 1.737 GC heap after
{Heap after GC invocations=2 (full 0):
 garbage-first heap   total 131072K, used 13059K [0x0000000081e00000, 0x0000000100000000)
  region size 1024K, 4 young (4096K), 4 survivors (4096K)
 Metaspace       used 5185K, capacity 7169K, committed 7424K, reserved 1056768K
  class space    used 626K, capacity 897K, committed 1024K, reserved 1048576K
}
Event: 3.973 GC heap before
{Heap before GC invocations=2 (full 0):
 garbage-first heap   total 131072K, used 79619K [0x0000000081e00000, 0x0000000100000000)
  region size 1024K, 69 young (70656K), 4 survivors (4096K)
 Metaspace       used 13953K, capacity 14586K, committed 14848K, reserved 1062912K
  class space    used 1790K, capacity 2019K, committed 2048K, reserved 1048576K
}
Event: 3.984 GC heap after
{Heap after GC invocations=3 (full 0):
 garbage-first heap   total 131072K, used 15421K [0x0000000081e00000, 0x0000000100000000)
  region size 1024K, 7 young (7168K), 7 survivors (7168K)
 Metaspace       used 13953K, capacity 14586K, committed 14848K, reserved 1062912K
  class space    used 1790K, capacity 2019K, committed 2048K, reserved 1048576K
}

Deoptimization events (20 events):
Event: 4.127 Thread 0x000001f587388000 DEOPT PACKING pc=0x000001f5f13aea9f sp=0x0000007f841f8930
Event: 4.127 Thread 0x000001f587388000 DEOPT UNPACKING pc=0x000001f5f0a8964e sp=0x0000007f841f7db8 mode 0
Event: 4.135 Thread 0x000001f587388000 DEOPT PACKING pc=0x000001f5f13af7f0 sp=0x0000007f841f9b80
Event: 4.136 Thread 0x000001f587388000 DEOPT UNPACKING pc=0x000001f5f0a8964e sp=0x0000007f841f9098 mode 0
Event: 4.149 Thread 0x000001f587388000 DEOPT PACKING pc=0x000001f5f13aea9f sp=0x0000007f841fd930
Event: 4.149 Thread 0x000001f587388000 DEOPT UNPACKING pc=0x000001f5f0a8964e sp=0x0000007f841fcdb8 mode 0
Event: 4.152 Thread 0x000001f5e829c800 DEOPT PACKING pc=0x000001f5f13af7f0 sp=0x0000007f82bfb0e0
Event: 4.152 Thread 0x000001f5e829c800 DEOPT UNPACKING pc=0x000001f5f0a8964e sp=0x0000007f82bfa5f8 mode 0
Event: 4.177 Thread 0x000001f5e829c800 DEOPT PACKING pc=0x000001f5f13aea9f sp=0x0000007f82bf75a0
Event: 4.177 Thread 0x000001f5e829c800 DEOPT UNPACKING pc=0x000001f5f0a8964e sp=0x0000007f82bf6a28 mode 0
Event: 4.183 Thread 0x000001f587388000 DEOPT PACKING pc=0x000001f5f13af7f0 sp=0x0000007f841fd960
Event: 4.183 Thread 0x000001f587388000 DEOPT UNPACKING pc=0x000001f5f0a8964e sp=0x0000007f841fce78 mode 0
Event: 4.206 Thread 0x000001f587388000 DEOPT PACKING pc=0x000001f5f13af7f0 sp=0x0000007f841fd960
Event: 4.206 Thread 0x000001f587388000 DEOPT UNPACKING pc=0x000001f5f0a8964e sp=0x0000007f841fce78 mode 0
Event: 4.212 Thread 0x000001f587388000 DEOPT PACKING pc=0x000001f5f13aea9f sp=0x0000007f841fe050
Event: 4.212 Thread 0x000001f587388000 DEOPT UNPACKING pc=0x000001f5f0a8964e sp=0x0000007f841fd4d8 mode 0
Event: 4.215 Thread 0x000001f5e829c800 Uncommon trap: trap_request=0xffffffde fr.pc=0x000001f5f856d460 relative=0x00000000000003e0
Event: 4.215 Thread 0x000001f5e829c800 Uncommon trap: reason=class_check action=maybe_recompile pc=0x000001f5f856d460 method=java.util.HashMap.getNode(ILjava/lang/Object;)Ljava/util/HashMap$Node; @ 126 c2
Event: 4.215 Thread 0x000001f5e829c800 DEOPT PACKING pc=0x000001f5f856d460 sp=0x0000007f82bfb8e0
Event: 4.215 Thread 0x000001f5e829c800 DEOPT UNPACKING pc=0x000001f5f0a8912f sp=0x0000007f82bfb858 mode 2

Classes unloaded (0 events):
No events

Classes redefined (0 events):
No events

Internal exceptions (20 events):
Event: 1.709 Thread 0x000001f5e829c800 Exception <a 'java/lang/NoSuchMethodError'{0x00000000881c8598}: 'int java.lang.invoke.DirectMethodHandle$Holder.invokeStaticInit(java.lang.Object, java.lang.Object, java.lang.Object)'> (0x00000000881c8598) 
thrown [./open/src/hotspot/share/interpreter/linkResolver.cpp, line 766]
Event: 1.756 Thread 0x000001f5e829c800 Exception <a 'java/lang/NoSuchMethodError'{0x0000000089df4c08}: 'int java.lang.invoke.DirectMethodHandle$Holder.invokeStaticInit(java.lang.Object, java.lang.Object)'> (0x0000000089df4c08) 
thrown [./open/src/hotspot/share/interpreter/linkResolver.cpp, line 766]
Event: 1.874 Thread 0x000001f5e829c800 Exception <a 'java/lang/ClassNotFoundException'{0x0000000089ad51e0}: javax/smartcardio/CardPermission> (0x0000000089ad51e0) 
thrown [./open/src/hotspot/share/classfile/systemDictionary.cpp, line 226]
Event: 1.882 Thread 0x000001f5e829c800 Exception <a 'java/io/FileNotFoundException'{0x0000000089ae3b40}> (0x0000000089ae3b40) 
thrown [./open/src/hotspot/share/prims/jni.cpp, line 599]
Event: 1.954 Thread 0x000001f5e829c800 Exception <a 'java/lang/NoSuchMethodError'{0x00000000898efe30}: 'org.slf4j.impl.StaticMDCBinder org.slf4j.impl.StaticMDCBinder.getSingleton()'> (0x00000000898efe30) 
thrown [./open/src/hotspot/share/interpreter/linkResolver.cpp, line 766]
Event: 1.975 Thread 0x000001f5e829c800 Exception <a 'java/lang/IncompatibleClassChangeError'{0x0000000089605bd0}: Found class java.lang.Object, but interface was expected> (0x0000000089605bd0) 
thrown [./open/src/hotspot/share/interpreter/linkResolver.cpp, line 832]
Event: 2.011 Thread 0x000001f5e829c800 Exception <a 'java/lang/NoSuchMethodError'{0x0000000089562108}: 'java.lang.Object java.lang.invoke.DirectMethodHandle$Holder.invokeVirtual(java.lang.Object, java.lang.Object, java.lang.Object)'> (0x0000000089562108) 
thrown [./open/src/hotspot/share/interpreter/linkResolver.cpp, line 766]
Event: 2.023 Thread 0x000001f5e829c800 Implicit null exception at 0x000001f5f852b82f to 0x000001f5f852b8ad
Event: 2.028 Thread 0x000001f5e829c800 Exception <a 'java/lang/NoSuchMethodError'{0x00000000895b7da8}: 'int java.lang.invoke.DirectMethodHandle$Holder.invokeInterface(java.lang.Object, java.lang.Object)'> (0x00000000895b7da8) 
thrown [./open/src/hotspot/share/interpreter/linkResolver.cpp, line 766]
Event: 2.407 Thread 0x000001f5e829c800 Exception <a 'java/lang/NoSuchMethodError'{0x000000008885a5f8}: 'void java.lang.invoke.DirectMethodHandle$Holder.invokeVirtual(java.lang.Object, java.lang.Object, java.lang.Object, java.lang.Object)'> (0x000000008885a5f8) 
thrown [./open/src/hotspot/share/interpreter/linkResolver.cpp, line 766]
Event: 2.780 Thread 0x000001f5e829c800 Exception <a 'java/lang/NoSuchMethodError'{0x00000000877397a8}: 'java.lang.Object java.lang.invoke.DirectMethodHandle$Holder.invokeInterface(java.lang.Object, java.lang.Object, java.lang.Object, java.lang.Object, java.lang.Object)'> (0x00000000877397a8) 
thrown [./open/src/hotspot/share/interpreter/linkResolver.cpp, line 766]
Event: 2.781 Thread 0x000001f5e829c800 Exception <a 'java/lang/IncompatibleClassChangeError'{0x000000008773cab0}: Found class java.lang.Object, but interface was expected> (0x000000008773cab0) 
thrown [./open/src/hotspot/share/interpreter/linkResolver.cpp, line 832]
Event: 2.961 Thread 0x000001f5e829c800 Exception <a 'java/lang/NoSuchMethodError'{0x0000000087236a08}: 'int java.lang.invoke.DirectMethodHandle$Holder.invokeSpecial(java.lang.Object, java.lang.Object, java.lang.Object, java.lang.Object)'> (0x0000000087236a08) 
thrown [./open/src/hotspot/share/interpreter/linkResolver.cpp, line 766]
Event: 3.608 Thread 0x000001f5e829c800 Exception <a 'java/lang/NoSuchMethodError'{0x0000000086fc2490}: 'java.lang.Object java.lang.invoke.DirectMethodHandle$Holder.invokeStatic(java.lang.Object, java.lang.Object, java.lang.Object, java.lang.Object, java.lang.Object, java.lang.Object, int)'> (0x0000000086fc2490) 
thrown [./open/src/hotspot/share/interpreter/linkResolver.cpp, line 766]
Event: 3.623 Thread 0x000001f5e829c800 Exception <a 'java/lang/NoSuchMethodError'{0x0000000086e13ed8}: 'java.lang.Object java.lang.invoke.DirectMethodHandle$Holder.invokeStatic(java.lang.Object, java.lang.Object, int, java.lang.Object)'> (0x0000000086e13ed8) 
thrown [./open/src/hotspot/share/interpreter/linkResolver.cpp, line 766]
Event: 3.624 Thread 0x000001f5e829c800 Exception <a 'java/lang/NoSuchMethodError'{0x0000000086e1a6c0}: 'java.lang.Object java.lang.invoke.Invokers$Holder.linkToTargetMethod(java.lang.Object, int, java.lang.Object, java.lang.Object)'> (0x0000000086e1a6c0) 
thrown [./open/src/hotspot/share/interpreter/linkResolver.cpp, line 766]
Event: 3.626 Thread 0x000001f5e829c800 Exception <a 'java/lang/NoSuchMethodError'{0x0000000086e1fe40}: 'void java.lang.invoke.DirectMethodHandle$Holder.invokeSpecial(java.lang.Object, java.lang.Object, java.lang.Object, java.lang.Object, java.lang.Object, java.lang.Object)'> (0x0000000086e1fe40) 
thrown [./open/src/hotspot/share/interpreter/linkResolver.cpp, line 766]
Event: 3.692 Thread 0x000001f5e829c800 Exception <a 'java/lang/NoSuchMethodError'{0x0000000086aa44a8}: 'void java.lang.invoke.DirectMethodHandle$Holder.invokeStaticInit(java.lang.Object, java.lang.Object)'> (0x0000000086aa44a8) 
thrown [./open/src/hotspot/share/interpreter/linkResolver.cpp, line 766]
Event: 3.864 Thread 0x000001f5e829c800 Exception <a 'java/lang/NoSuchMethodError'{0x000000008623ace0}: 'void java.lang.invoke.DirectMethodHandle$Holder.invokeStatic(java.lang.Object, java.lang.Object, int)'> (0x000000008623ace0) 
thrown [./open/src/hotspot/share/interpreter/linkResolver.cpp, line 766]
Event: 4.222 Thread 0x000001f5e829c800 Exception <a 'java/lang/ClassNotFoundException'{0x0000000087fbc780}: java/lang/ObjectCustomizer> (0x0000000087fbc780) 
thrown [./open/src/hotspot/share/classfile/systemDictionary.cpp, line 226]

Events (20 events):
Event: 4.225 loading class com/sun/beans/util/Cache$Kind$3 done
Event: 4.225 loading class com/sun/beans/util/Cache$CacheEntry
Event: 4.225 loading class com/sun/beans/util/Cache$CacheEntry done
Event: 4.225 loading class com/sun/beans/util/Cache$Kind$Soft
Event: 4.225 loading class com/sun/beans/util/Cache$Ref
Event: 4.225 loading class com/sun/beans/util/Cache$Ref done
Event: 4.225 loading class com/sun/beans/util/Cache$Kind$Soft done
Event: 4.225 loading class com/sun/beans/introspect/MethodInfo
Event: 4.226 loading class com/sun/beans/introspect/MethodInfo done
Event: 4.226 loading class com/sun/beans/introspect/MethodInfo$MethodOrder
Event: 4.226 loading class com/sun/beans/introspect/MethodInfo$MethodOrder done
Event: 4.226 loading class java/beans/MethodDescriptor
Event: 4.227 loading class java/beans/MethodDescriptor done
Event: 4.227 loading class java/beans/MethodRef
Event: 4.227 loading class java/beans/MethodRef done
Event: 4.227 loading class com/sun/beans/TypeResolver
Event: 4.227 loading class com/sun/beans/TypeResolver done
Event: 4.227 loading class com/sun/beans/WeakCache
Event: 4.228 loading class com/sun/beans/WeakCache done
Event: 4.229 loading class com/sun/beans/introspect/EventSetInfo


Dynamic libraries:
0x00007ff706740000 - 0x00007ff70674f000 	C:\Program Files\Java\jdk-14.0.2\bin\java.exe
0x00007ff9cf420000 - 0x00007ff9cf610000 	C:\WINDOWS\SYSTEM32\ntdll.dll
0x00007ff9ce3e0000 - 0x00007ff9ce492000 	C:\WINDOWS\System32\KERNEL32.DLL
0x00007ff9cc6a0000 - 0x00007ff9cc945000 	C:\WINDOWS\System32\KERNELBASE.dll
0x00007ff9cd0e0000 - 0x00007ff9cd1da000 	C:\WINDOWS\System32\ucrtbase.dll
0x00007ff9c3120000 - 0x00007ff9c3135000 	C:\Program Files\Java\jdk-14.0.2\bin\VCRUNTIME140.dll
0x00007ff9c3100000 - 0x00007ff9c3118000 	C:\Program Files\Java\jdk-14.0.2\bin\jli.dll
0x00007ff9ceb60000 - 0x00007ff9cec03000 	C:\WINDOWS\System32\ADVAPI32.dll
0x00007ff9ce590000 - 0x00007ff9ce62e000 	C:\WINDOWS\System32\msvcrt.dll
0x00007ff9cedc0000 - 0x00007ff9cee57000 	C:\WINDOWS\System32\sechost.dll
0x00007ff9cd720000 - 0x00007ff9cd840000 	C:\WINDOWS\System32\RPCRT4.dll
0x00007ff9cd840000 - 0x00007ff9cd9d4000 	C:\WINDOWS\System32\USER32.dll
0x00007ff9cd4a0000 - 0x00007ff9cd4c1000 	C:\WINDOWS\System32\win32u.dll
0x00007ff9cd6f0000 - 0x00007ff9cd716000 	C:\WINDOWS\System32\GDI32.dll
0x00007ff99b170000 - 0x00007ff99b3f4000 	C:\WINDOWS\WinSxS\amd64_microsoft.windows.common-controls_6595b64144ccf1df_6.0.18362.1256_none_9e7e379be45e40e2\COMCTL32.dll
0x00007ff9cc390000 - 0x00007ff9cc526000 	C:\WINDOWS\System32\gdi32full.dll
0x00007ff9ce820000 - 0x00007ff9ceb56000 	C:\WINDOWS\System32\combase.dll
0x00007ff9cd3a0000 - 0x00007ff9cd43e000 	C:\WINDOWS\System32\msvcp_win.dll
0x00007ff9cd260000 - 0x00007ff9cd2e1000 	C:\WINDOWS\System32\bcryptPrimitives.dll
0x00007ff9b82f0000 - 0x00007ff9b82fa000 	C:\WINDOWS\SYSTEM32\VERSION.dll
0x00007ff9cd4d0000 - 0x00007ff9cd4fe000 	C:\WINDOWS\System32\IMM32.DLL
0x00007ff98f5f0000 - 0x00007ff98f68b000 	C:\Program Files\Java\jdk-14.0.2\bin\msvcp140.dll
0x00007ff974f90000 - 0x00007ff975aae000 	C:\Program Files\Java\jdk-14.0.2\bin\server\jvm.dll
0x00007ff9cd510000 - 0x00007ff9cd518000 	C:\WINDOWS\System32\PSAPI.DLL
0x00007ff9c87f0000 - 0x00007ff9c8814000 	C:\WINDOWS\SYSTEM32\WINMM.dll
0x00007ff9b9360000 - 0x00007ff9b9369000 	C:\WINDOWS\SYSTEM32\WSOCK32.dll
0x00007ff9ce2a0000 - 0x00007ff9ce30f000 	C:\WINDOWS\System32\WS2_32.dll
0x00007ff9c87c0000 - 0x00007ff9c87ed000 	C:\WINDOWS\SYSTEM32\winmmbase.dll
0x00007ff9cd210000 - 0x00007ff9cd25a000 	C:\WINDOWS\System32\cfgmgr32.dll
0x00007ff9cc2d0000 - 0x00007ff9cc2e1000 	C:\WINDOWS\System32\kernel.appcore.dll
0x00007ff9c4a90000 - 0x00007ff9c4a9a000 	C:\Program Files\Java\jdk-14.0.2\bin\jimage.dll
0x00007ff9cab70000 - 0x00007ff9cad64000 	C:\WINDOWS\SYSTEM32\DBGHELP.DLL
0x00007ff9c1350000 - 0x00007ff9c137a000 	C:\WINDOWS\SYSTEM32\dbgcore.DLL
0x00007ff9bda00000 - 0x00007ff9bda25000 	C:\Program Files\Java\jdk-14.0.2\bin\java.dll
0x00007ff9bda40000 - 0x00007ff9bda56000 	C:\Program Files\Java\jdk-14.0.2\bin\zip.dll
0x00007ff9cdb40000 - 0x00007ff9ce227000 	C:\WINDOWS\System32\SHELL32.dll
0x00007ff9cf330000 - 0x00007ff9cf3d9000 	C:\WINDOWS\System32\shcore.dll
0x00007ff9cc950000 - 0x00007ff9cd0d1000 	C:\WINDOWS\System32\windows.storage.dll
0x00007ff9cc2f0000 - 0x00007ff9cc313000 	C:\WINDOWS\System32\profapi.dll
0x00007ff9cc320000 - 0x00007ff9cc36a000 	C:\WINDOWS\System32\powrprof.dll
0x00007ff9cc2c0000 - 0x00007ff9cc2d0000 	C:\WINDOWS\System32\UMPDC.dll
0x00007ff9ce230000 - 0x00007ff9ce282000 	C:\WINDOWS\System32\shlwapi.dll
0x00007ff9cc680000 - 0x00007ff9cc697000 	C:\WINDOWS\System32\cryptsp.dll
0x00007ff998c90000 - 0x00007ff998ca9000 	C:\Program Files\Java\jdk-14.0.2\bin\net.dll
0x00007ff9bf040000 - 0x00007ff9bf130000 	C:\WINDOWS\SYSTEM32\WINHTTP.dll
0x00007ff9cbb10000 - 0x00007ff9cbb77000 	C:\WINDOWS\system32\mswsock.dll
0x00007ff998c70000 - 0x00007ff998c82000 	C:\Program Files\Java\jdk-14.0.2\bin\nio.dll
0x00007ff9c30f0000 - 0x00007ff9c30f9000 	C:\Program Files\Java\jdk-14.0.2\bin\management.dll
0x00007ff9c30c0000 - 0x00007ff9c30cb000 	C:\Program Files\Java\jdk-14.0.2\bin\management_ext.dll
0x00007ff9c3330000 - 0x00007ff9c3340000 	C:\Program Files\Java\jdk-14.0.2\bin\verify.dll
0x00007ff9cb7a0000 - 0x00007ff9cb7da000 	C:\WINDOWS\SYSTEM32\IPHLPAPI.DLL
0x00007ff9cd500000 - 0x00007ff9cd508000 	C:\WINDOWS\System32\NSI.dll
0x00007ff9c42f0000 - 0x00007ff9c4306000 	C:\WINDOWS\SYSTEM32\dhcpcsvc6.DLL
0x00007ff9c3ff0000 - 0x00007ff9c400c000 	C:\WINDOWS\SYSTEM32\dhcpcsvc.DLL
0x00007ff9cb840000 - 0x00007ff9cb90b000 	C:\WINDOWS\SYSTEM32\DNSAPI.dll
0x00007ff9c4c60000 - 0x00007ff9c4c6a000 	C:\Windows\System32\rasadhlp.dll
0x00007ff9bf8e0000 - 0x00007ff9bf957000 	C:\WINDOWS\System32\fwpuclnt.dll
0x00007ff9cd1e0000 - 0x00007ff9cd206000 	C:\WINDOWS\System32\bcrypt.dll
0x00007ff9b7270000 - 0x00007ff9b7286000 	C:\WINDOWS\system32\napinsp.dll
0x00007ff9b7060000 - 0x00007ff9b707a000 	C:\WINDOWS\system32\pnrpnsp.dll
0x00007ff9c6d90000 - 0x00007ff9c6da5000 	C:\WINDOWS\system32\wshbth.dll
0x00007ff9c49c0000 - 0x00007ff9c49dc000 	C:\WINDOWS\system32\NLAapi.dll
0x00007ff9b6f40000 - 0x00007ff9b6f4e000 	C:\WINDOWS\System32\winrnr.dll

dbghelp: loaded successfully - version: 4.0.5 - missing functions: none
symbol engine: initialized successfully - sym options: 0x614 - pdb path: .;C:\Program Files\Java\jdk-14.0.2\bin;C:\WINDOWS\SYSTEM32;C:\WINDOWS\WinSxS\amd64_microsoft.windows.common-controls_6595b64144ccf1df_6.0.18362.1256_none_9e7e379be45e40e2;C:\Program Files\Java\jdk-14.0.2\bin\server

VM Arguments:
java_command: C:\Users\soond\AppData\Local\Temp\surefire8225695890336348271\surefirebooter7134854522497252730.jar C:\Users\soond\AppData\Local\Temp\surefire8225695890336348271 2020-12-15T04-35-55_342-jvmRun1 surefire916887873883377473tmp surefire_04289337885248737864tmp
java_class_path (initial): C:\Users\soond\AppData\Local\Temp\surefire8225695890336348271\surefirebooter7134854522497252730.jar
Launcher Type: SUN_STANDARD

[Global flags]
     intx CICompilerCount                          = 4                                         {product} {ergonomic}
     uint ConcGCThreads                            = 2                                         {product} {ergonomic}
     uint G1ConcRefinementThreads                  = 8                                         {product} {ergonomic}
   size_t G1HeapRegionSize                         = 1048576                                   {product} {ergonomic}
    uintx GCDrainStackTargetSize                   = 64                                        {product} {ergonomic}
   size_t InitialHeapSize                          = 134217728                                 {product} {ergonomic}
   size_t MarkStackSize                            = 4194304                                   {product} {ergonomic}
   size_t MaxHeapSize                              = 2116026368                                {product} {ergonomic}
   size_t MaxNewSize                               = 1268776960                                {product} {ergonomic}
   size_t MinHeapDeltaBytes                        = 1048576                                   {product} {ergonomic}
   size_t MinHeapSize                              = 8388608                                   {product} {ergonomic}
    uintx NonNMethodCodeHeapSize                   = 5839372                                {pd product} {ergonomic}
    uintx NonProfiledCodeHeapSize                  = 122909434                              {pd product} {ergonomic}
    uintx ProfiledCodeHeapSize                     = 122909434                              {pd product} {ergonomic}
    uintx ReservedCodeCacheSize                    = 251658240                              {pd product} {ergonomic}
     bool SegmentedCodeCache                       = true                                      {product} {ergonomic}
   size_t SoftMaxHeapSize                          = 2116026368                             {manageable} {ergonomic}
     bool UseCompressedClassPointers               = true                                 {lp64_product} {ergonomic}
     bool UseCompressedOops                        = true                                 {lp64_product} {ergonomic}
     bool UseG1GC                                  = true                                      {product} {ergonomic}
     bool UseLargePagesIndividualAllocation        = false                                  {pd product} {ergonomic}

Logging:
Log output configuration:
 #0: stdout all=warning uptime,level,tags
 #1: stderr all=off uptime,level,tags

Environment Variables:
JAVA_HOME=C:\Program Files\Java\jdk-14.0.2
PATH=C:\Program Files\Microsoft MPI\Bin\;%JAVA_JOME%\bin;C:\app\soond\product\18.0.0\dbhomeXE\bin;C:\Program Files (x86)\Common Files\Oracle\Java\javapath;C:\Program Files (x86)\Intel\Intel(R) Management Engine Components\iCLS\;C:\Program Files\Intel\Intel(R) Management Engine Components\iCLS\;C:\Windows\system32;C:\Windows;C:\Windows\System32\Wbem;C:\Windows\System32\WindowsPowerShell\v1.0\;C:\Program Files (x86)\Intel\Intel(R) Management Engine Components\DAL;C:\Program Files\Intel\Intel(R) Management Engine Components\DAL;C:\Program Files (x86)\Intel\Intel(R) Management Engine Components\IPT;C:\Program Files\Intel\Intel(R) Management Engine Components\IPT;C:\Program Files (x86)\NVIDIA Corporation\PhysX\Common;C:\WINDOWS\system32;C:\WINDOWS;C:\WINDOWS\System32\Wbem;C:\WINDOWS\System32\WindowsPowerShell\v1.0\;C:\WINDOWS\System32\OpenSSH\;C:\Program Files\Git\cmd;C:\Program Files\nodejs\;C:\Program Files\Java\maven\apache-maven-3.6.3\bin;C:\Program Files\PuTTY\;C:\Program Files\Java\jdk1.8.0_261\bin;C:\Users\soond\AppData\Local\Microsoft\WindowsApps;C:\Program Files\Microsoft SQL Server\Client SDK\ODBC\170\Tools\Binn\;C:\Program Files (x86)\Microsoft SQL Server\150\Tools\Binn\;C:\Program Files\Microsoft SQL Server\150\Tools\Binn\;C:\Program Files\Microsoft SQL Server\150\DTS\Binn\;C:\Program Files (x86)\Microsoft SQL Server\150\DTS\Binn\;C:\Program Files\Azure Data Studio\bin;C:\Program Files\Docker\Docker\resources\bin;C:\ProgramData\DockerDesktop\version-bin;C:\Users\soond\AppData\Local\Microsoft\WindowsApps;C:\Users\soond\AppData\Local\Programs\Microsoft VS Code\bin;C:\Users\soond\AppData\Local\GitHubDesktop\bin;C:\Users\soond\AppData\Roaming\npm;C:\Program Files\Java\jdk1.8.0_261\bin;;C:\Program Files\Azure Data Studio\bin
USERNAME=soond
OS=Windows_NT
PROCESSOR_IDENTIFIER=Intel64 Family 6 Model 142 Stepping 10, GenuineIntel



---------------  S Y S T E M  ---------------

OS: Windows 10 , 64 bit Build 18362 (10.0.18362.1110)
OS uptime: 1 days 2:43 hours
HyperV virtualization detected

CPU:total 8 (initial active 8) (4 cores per cpu, 2 threads per core) family 6 model 142 stepping 10, cmov, cx8, fxsr, mmx, sse, sse2, sse3, ssse3, sse4.1, sse4.2, popcnt, avx, avx2, aes, clmul, erms, 3dnowpref, lzcnt, ht, tsc, tscinvbit, bmi1, bmi2, adx, fma

Memory: 4k page, system-wide physical 8069M (292M free)
TotalPageFile size 27734M (AvailPageFile size 5M)
current process WorkingSet (physical memory assigned to process): 174M, peak: 174M
current process commit charge ("private bytes"): 268M, peak: 268M

vm_info: Java HotSpot(TM) 64-Bit Server VM (14.0.2+12-46) for windows-amd64 JRE (14.0.2+12-46), built on Jul  9 2020 00:35:52 by "mach5one" with MS VC++ 15.9 (VS2017)

END.
